0 info it worked if it ends with ok
1 verbose cli [ 'C:\\Program Files\\nodejs\\node.exe',
1 verbose cli   'C:\\Program Files\\nodejs\\node_modules\\npm\\bin\\npm-cli.js',
1 verbose cli   'run',
1 verbose cli   'start:dev' ]
2 info using npm@4.1.2
3 info using node@v7.7.4
4 verbose run-script [ 'prestart:dev', 'start:dev', 'poststart:dev' ]
5 info lifecycle exemple-browserify@~prestart:dev: exemple-browserify@
6 silly lifecycle exemple-browserify@~prestart:dev: no script for prestart:dev, continuing
7 info lifecycle exemple-browserify@~start:dev: exemple-browserify@
8 verbose lifecycle exemple-browserify@~start:dev: unsafe-perm in lifecycle true
9 verbose lifecycle exemple-browserify@~start:dev: PATH: C:\Program Files\nodejs\node_modules\npm\bin\node-gyp-bin;C:\Formation\Modules\Webpack\node_modules\.bin;C:\Ruby22\bin;C:\Python34\Lib\site-packages\PyQt5;C:\Python34\;C:\Python34\Scripts;C:\ProgramData\Oracle\Java\javapath;C:\Windows\system32;C:\Windows;C:\Windows\System32\Wbem;C:\Windows\System32\WindowsPowerShell\v1.0\;C:\Program Files\Java\jdk1.8.0_31\bin;C:\Program Files (x86)\MySQL\MySQL Utilities 1.3.6\;C:\apache-ant-1.9.4\bin;C:\Program Files (x86)\Rational\common;C:\Program Files (x86)\Windows Kits\8.1\Windows Performance Toolkit\;C:\Program Files\nodejs\;C:\Program Files (x86)\adt-bundle-windows-x86-20131030\sdk\tools;C:\Program Files (x86)\adt-bundle-windows-x86-20131030\sdk\platform-tools;C:\npm;C:\Program Files\MySQL\MySQL Server 5.6\bin;C:\activator-1.2.12;C:\Program Files\TortoiseSVN\bin;C:\Program Files\jEdit;C:\Program Files\Amazon\AWSCLI\;C:\Program Files\Google\Cloud SDK\google-cloud-sdk\bin;C:\MinGW\bin;C:\Program Files (x86)\Bitvise SSH Client;C:\Program Files\Docker Toolbox;C:\Program Files\Git\cmd;C:\Users\Administrateur.ADMIN-UVFALAL0C\AppData\Roaming\npm;C:\Program Files (x86)\Microsoft VS Code\bin
10 verbose lifecycle exemple-browserify@~start:dev: CWD: C:\Formation\Modules\Webpack
11 silly lifecycle exemple-browserify@~start:dev: Args: [ '/d /s /c', 'webpack-dev-server' ]
12 verbose stack Error: kill ENOSYS
12 verbose stack     at exports._errnoException (util.js:1034:11)
12 verbose stack     at process.kill (internal/process.js:188:13)
12 verbose stack     at process.listener (C:\Program Files\nodejs\node_modules\npm\node_modules\npmlog\node_modules\gauge\node_modules\signal-exit\index.js:95:15)
12 verbose stack     at emitNone (events.js:86:13)
12 verbose stack     at process.emit (events.js:188:7)
12 verbose stack     at processEmit (C:\Program Files\nodejs\node_modules\npm\node_modules\npmlog\node_modules\gauge\node_modules\signal-exit\index.js:155:32)
12 verbose stack     at Signal.wrap.onsignal (internal/process.js:215:44)
13 verbose cwd C:\Formation\Modules\Webpack
14 error Windows_NT 6.1.7601
15 error argv "C:\\Program Files\\nodejs\\node.exe" "C:\\Program Files\\nodejs\\node_modules\\npm\\bin\\npm-cli.js" "run" "start:dev"
16 error node v7.7.4
17 error npm  v4.1.2
18 error code ENOSYS
19 error errno ENOSYS
20 error syscall kill
21 error kill ENOSYS
22 error If you need help, you may report this error at:
22 error     <https://github.com/npm/npm/issues>
23 verbose exit [ 1, true ]
